<?xml version="1.0" encoding="UTF-8"?>
<!-- Generated by org.testng.reporters.JUnitReportReporter -->
<testsuite skipped="0" hostname="Ashrita-HP" name="module3.Test1Module3" tests="2" failures="0" timestamp="2020-01-18T15:38:32 IST" time="0.015" errors="0">
  <testcase name="test2" time="0.015" classname="module3.Test1Module3"/>
  <testcase name="test1" time="0.000" classname="module3.Test1Module3"/>
</testsuite> <!-- module3.Test1Module3 -->
