<?xml version="1.0" encoding="UTF-8"?>
<!-- Generated by org.testng.reporters.JUnitReportReporter -->
<testsuite skipped="0" hostname="Ashrita-HP" name="module2.Test1Module2" tests="2" failures="0" timestamp="2020-01-18T15:38:32 IST" time="0.000" errors="0">
  <testcase name="test2" time="0.000" classname="module2.Test1Module2"/>
  <testcase name="test1" time="0.000" classname="module2.Test1Module2"/>
</testsuite> <!-- module2.Test1Module2 -->
