<?xml version="1.0" encoding="UTF-8"?>
<!-- Generated by org.testng.reporters.JUnitReportReporter -->
<testsuite skipped="0" hostname="Ashrita-HP" name="module1.Test2Module1" tests="2" failures="0" timestamp="2020-01-18T15:38:32 IST" time="0.016" errors="0">
  <testcase name="test1" time="0.000" classname="module1.Test2Module1"/>
  <testcase name="test2" time="0.016" classname="module1.Test2Module1"/>
</testsuite> <!-- module1.Test2Module1 -->
