<?xml version="1.0" encoding="UTF-8"?>
<!-- Generated by org.testng.reporters.JUnitReportReporter -->
<testsuite skipped="0" hostname="Ashrita-HP" name="testscripts.VerifyFlightBooking" tests="1" failures="0" timestamp="2020-01-25T15:25:26 IST" time="40.924" errors="0">
  <testcase name="verifyloginfunctionalty" time="40.924" classname="testscripts.VerifyFlightBooking"/>
</testsuite> <!-- testscripts.VerifyFlightBooking -->
