<?xml version="1.0" encoding="UTF-8"?>
<!-- Generated by org.testng.reporters.JUnitReportReporter -->
<testsuite skipped="0" hostname="Ashrita-HP" name="testscripts.VerifyHomePageFields" tests="6" failures="0" timestamp="2020-01-25T09:43:28 IST" time="10.706" errors="0">
  <testcase name="verifyloginfunctionalty" time="10.368" classname="testscripts.VerifyHomePageFields"/>
  <testcase name="verifySignON" time="0.121" classname="testscripts.VerifyHomePageFields"/>
  <testcase name="verifyRegisterLink" time="0.057" classname="testscripts.VerifyHomePageFields"/>
  <testcase name="verifyusername" time="0.056" classname="testscripts.VerifyHomePageFields"/>
  <testcase name="verifyPassword" time="0.059" classname="testscripts.VerifyHomePageFields"/>
  <testcase name="verifylogin" time="0.045" classname="testscripts.VerifyHomePageFields"/>
</testsuite> <!-- testscripts.VerifyHomePageFields -->
