<?xml version="1.0" encoding="UTF-8"?>
<!-- Generated by org.testng.reporters.JUnitReportReporter -->
<testsuite skipped="0" hostname="Ashrita-HP" name="test.TestDataProvider" tests="10" failures="0" timestamp="2020-01-18T16:50:40 IST" time="0.028" errors="0">
  <testcase name="test1" time="0.004" classname="test.TestDataProvider"/>
  <testcase name="test1" time="0.008" classname="test.TestDataProvider"/>
  <testcase name="test1" time="0.000" classname="test.TestDataProvider"/>
  <testcase name="test1" time="0.004" classname="test.TestDataProvider"/>
  <testcase name="test1" time="0.004" classname="test.TestDataProvider"/>
  <testcase name="test1" time="0.000" classname="test.TestDataProvider"/>
  <testcase name="test1" time="0.000" classname="test.TestDataProvider"/>
  <testcase name="test1" time="0.000" classname="test.TestDataProvider"/>
  <testcase name="test1" time="0.004" classname="test.TestDataProvider"/>
  <testcase name="test1" time="0.004" classname="test.TestDataProvider"/>
</testsuite> <!-- test.TestDataProvider -->
