<?xml version="1.0" encoding="UTF-8"?>
<!-- Generated by org.testng.reporters.JUnitReportReporter -->
<testsuite skipped="0" hostname="Ashrita-HP" name="test.TestDataProvider2" tests="2" failures="0" timestamp="2020-01-18T17:15:46 IST" time="27.886" errors="0">
  <testcase name="test1" time="13.688" classname="test.TestDataProvider2"/>
  <testcase name="test1" time="14.198" classname="test.TestDataProvider2"/>
</testsuite> <!-- test.TestDataProvider2 -->
